<?xml version="1.0" encoding="UTF-8"?>
<testng-results skipped="0" failed="0" ignored="0" total="0" passed="0">
  <reporter-output>
  </reporter-output>
  <suite name="Default suite" duration-ms="19" started-at="2021-06-23T00:58:56 MDT" finished-at="2021-06-23T00:58:56 MDT">
    <groups>
    </groups>
    <test name="Default test" duration-ms="19" started-at="2021-06-23T00:58:56 MDT" finished-at="2021-06-23T00:58:56 MDT">
    </test> <!-- Default test -->
  </suite> <!-- Default suite -->
</testng-results>
